<?xml version="1.0" encoding="UTF-8"?>
<!-- Generated by org.testng.reporters.JUnitReportReporter -->
<testsuite hostname="del1-lhp-n77138" failures="0" tests="2" name="test.Example" time="0.007" errors="0" timestamp="2021-11-25T18:16:17 IST" skipped="0">
  <testcase classname="test.Example" name="Demo" time="0.006"/>
  <system-out/>
  <testcase classname="test.Example" name="SecondTest" time="0.001"/>
  <system-out/>
</testsuite> <!-- test.Example -->
