<?xml version="1.0" encoding="UTF-8"?>
<!-- Generated by org.testng.reporters.JUnitReportReporter -->
<testsuite hostname="del1-lhp-n77138" failures="0" tests="1" name="TestCase.LoginAmazon" time="3.720" errors="0" timestamp="2021-11-30T19:39:41 IST" skipped="0">
  <testcase classname="TestCase.LoginAmazon" name="LoginApp" time="3.720"/>
  <system-out/>
</testsuite> <!-- TestCase.LoginAmazon -->
